mode: set
github.com/azizahonohunova/wallet/pkg/wallet/service.go:29.78,30.37 1 1
github.com/azizahonohunova/wallet/pkg/wallet/service.go:35.2,42.21 4 1
github.com/azizahonohunova/wallet/pkg/wallet/service.go:30.37,31.29 1 1
github.com/azizahonohunova/wallet/pkg/wallet/service.go:31.29,33.4 1 1
github.com/azizahonohunova/wallet/pkg/wallet/service.go:44.76,46.31 2 1
github.com/azizahonohunova/wallet/pkg/wallet/service.go:51.2,51.20 1 1
github.com/azizahonohunova/wallet/pkg/wallet/service.go:54.2,54.21 1 1
github.com/azizahonohunova/wallet/pkg/wallet/service.go:46.31,47.24 1 1
github.com/azizahonohunova/wallet/pkg/wallet/service.go:47.24,49.4 1 1
github.com/azizahonohunova/wallet/pkg/wallet/service.go:51.20,53.3 1 0
github.com/azizahonohunova/wallet/pkg/wallet/service.go:56.77,58.31 2 1
github.com/azizahonohunova/wallet/pkg/wallet/service.go:63.2,63.20 1 1
github.com/azizahonohunova/wallet/pkg/wallet/service.go:66.2,66.21 1 1
github.com/azizahonohunova/wallet/pkg/wallet/service.go:58.31,59.24 1 1
github.com/azizahonohunova/wallet/pkg/wallet/service.go:59.24,61.4 1 1
github.com/azizahonohunova/wallet/pkg/wallet/service.go:63.20,65.3 1 0
github.com/azizahonohunova/wallet/pkg/wallet/service.go:68.116,69.17 1 1
github.com/azizahonohunova/wallet/pkg/wallet/service.go:72.2,73.16 2 1
github.com/azizahonohunova/wallet/pkg/wallet/service.go:76.2,76.30 1 1
github.com/azizahonohunova/wallet/pkg/wallet/service.go:79.2,89.21 5 1
github.com/azizahonohunova/wallet/pkg/wallet/service.go:69.17,71.3 1 0
github.com/azizahonohunova/wallet/pkg/wallet/service.go:73.16,75.3 1 0
github.com/azizahonohunova/wallet/pkg/wallet/service.go:76.30,78.3 1 0
github.com/azizahonohunova/wallet/pkg/wallet/service.go:91.50,93.16 2 1
github.com/azizahonohunova/wallet/pkg/wallet/service.go:96.2,98.16 3 1
github.com/azizahonohunova/wallet/pkg/wallet/service.go:101.2,102.12 2 1
github.com/azizahonohunova/wallet/pkg/wallet/service.go:93.16,95.3 1 0
github.com/azizahonohunova/wallet/pkg/wallet/service.go:98.16,100.3 1 0
github.com/azizahonohunova/wallet/pkg/wallet/service.go:104.70,105.17 1 1
github.com/azizahonohunova/wallet/pkg/wallet/service.go:108.2,109.16 2 1
github.com/azizahonohunova/wallet/pkg/wallet/service.go:112.2,113.12 2 1
github.com/azizahonohunova/wallet/pkg/wallet/service.go:105.17,107.3 1 0
github.com/azizahonohunova/wallet/pkg/wallet/service.go:109.16,111.3 1 0
github.com/azizahonohunova/wallet/pkg/wallet/service.go:115.68,117.16 2 1
github.com/azizahonohunova/wallet/pkg/wallet/service.go:120.2,121.16 2 1
github.com/azizahonohunova/wallet/pkg/wallet/service.go:124.2,124.21 1 1
github.com/azizahonohunova/wallet/pkg/wallet/service.go:117.16,119.3 1 0
github.com/azizahonohunova/wallet/pkg/wallet/service.go:121.16,123.3 1 0
github.com/azizahonohunova/wallet/pkg/wallet/service.go:126.91,128.16 2 1
github.com/azizahonohunova/wallet/pkg/wallet/service.go:131.2,132.16 2 1
github.com/azizahonohunova/wallet/pkg/wallet/service.go:135.2,145.25 5 1
github.com/azizahonohunova/wallet/pkg/wallet/service.go:128.16,130.3 1 0
github.com/azizahonohunova/wallet/pkg/wallet/service.go:132.16,134.3 1 0
github.com/azizahonohunova/wallet/pkg/wallet/service.go:147.80,148.32 1 1
github.com/azizahonohunova/wallet/pkg/wallet/service.go:153.2,153.33 1 1
github.com/azizahonohunova/wallet/pkg/wallet/service.go:148.32,149.25 1 1
github.com/azizahonohunova/wallet/pkg/wallet/service.go:149.25,151.4 1 1
github.com/azizahonohunova/wallet/pkg/wallet/service.go:155.78,157.16 2 1
github.com/azizahonohunova/wallet/pkg/wallet/service.go:160.2,161.16 2 1
github.com/azizahonohunova/wallet/pkg/wallet/service.go:164.2,164.21 1 1
github.com/azizahonohunova/wallet/pkg/wallet/service.go:157.16,159.3 1 0
github.com/azizahonohunova/wallet/pkg/wallet/service.go:161.16,163.3 1 0
